TN:
SF:app.js
FN:17,(anonymous_0)
FN:19,(anonymous_1)
FN:22,(anonymous_2)
FN:26,(anonymous_3)
FN:35,(anonymous_4)
FN:39,completedHandler
FN:40,(anonymous_6)
FN:42,(anonymous_7)
FN:59,(anonymous_8)
FN:60,(anonymous_9)
FN:71,(anonymous_10)
FNF:11
FNH:7
FNDA:5,(anonymous_0)
FNDA:1,(anonymous_1)
FNDA:2,(anonymous_2)
FNDA:4,(anonymous_3)
FNDA:1,(anonymous_4)
FNDA:2,completedHandler
FNDA:0,(anonymous_6)
FNDA:0,(anonymous_7)
FNDA:0,(anonymous_8)
FNDA:0,(anonymous_9)
FNDA:5,(anonymous_10)
DA:2,1
DA:3,1
DA:10,1
DA:12,1
DA:14,1
DA:17,1
DA:18,5
DA:19,2
DA:21,3
DA:22,3
DA:26,1
DA:27,4
DA:28,4
DA:30,2
DA:31,2
DA:32,2
DA:34,2
DA:35,2
DA:40,2
DA:41,0
DA:43,0
DA:44,0
DA:46,0
DA:47,0
DA:48,0
DA:54,1
DA:59,1
DA:60,0
DA:61,0
DA:62,0
DA:64,0
DA:65,0
DA:66,0
DA:71,1
DA:72,5
DA:73,5
DA:77,1
LF:37
LH:25
BRDA:18,0,0,2
BRDA:18,0,1,3
BRDA:28,1,0,2
BRDA:28,1,1,2
BRDA:28,2,0,4
BRDA:28,2,1,3
BRDA:43,3,0,0
BRDA:43,3,1,0
BRDA:61,4,0,0
BRDA:61,4,1,0
BRDA:73,5,0,5
BRDA:73,5,1,3
BRF:12
BRH:8
end_of_record
TN:
SF:file-system/index.js
FN:5,(anonymous_0)
FN:8,(anonymous_1)
FN:10,(anonymous_2)
FN:16,(anonymous_3)
FN:17,(anonymous_4)
FN:17,(anonymous_5)
FN:19,(anonymous_6)
FN:21,(anonymous_7)
FN:24,(anonymous_8)
FN:29,(anonymous_9)
FN:32,(anonymous_10)
FN:36,(anonymous_11)
FN:38,(anonymous_12)
FN:40,(anonymous_13)
FNF:14
FNH:14
FNDA:21,(anonymous_0)
FNDA:59,(anonymous_1)
FNDA:38,(anonymous_2)
FNDA:10,(anonymous_3)
FNDA:10,(anonymous_4)
FNDA:18,(anonymous_5)
FNDA:14,(anonymous_6)
FNDA:3,(anonymous_7)
FNDA:2,(anonymous_8)
FNDA:2,(anonymous_9)
FNDA:1,(anonymous_10)
FNDA:15,(anonymous_11)
FNDA:14,(anonymous_12)
FNDA:1,(anonymous_13)
DA:2,2
DA:3,2
DA:5,2
DA:7,21
DA:8,59
DA:9,21
DA:11,38
DA:16,10
DA:17,18
DA:19,14
DA:21,2
DA:22,3
DA:23,3
DA:25,2
DA:29,2
DA:32,1
DA:36,15
DA:38,14
DA:40,1
LF:19
LH:19
BRDA:32,0,0,1
BRDA:32,0,1,0
BRDA:40,1,0,1
BRDA:40,1,1,0
BRF:4
BRH:2
end_of_record
TN:
SF:leveldb/index.js
FN:8,(anonymous_0)
FN:16,(anonymous_1)
FN:31,(anonymous_2)
FN:38,(anonymous_3)
FN:40,(anonymous_4)
FN:53,(anonymous_5)
FN:55,(anonymous_6)
FN:58,(anonymous_7)
FN:60,(anonymous_8)
FN:65,(anonymous_9)
FN:67,(anonymous_10)
FNF:11
FNH:1
FNDA:6,(anonymous_0)
FNDA:0,(anonymous_1)
FNDA:0,(anonymous_2)
FNDA:0,(anonymous_3)
FNDA:0,(anonymous_4)
FNDA:0,(anonymous_5)
FNDA:0,(anonymous_6)
FNDA:0,(anonymous_7)
FNDA:0,(anonymous_8)
FNDA:0,(anonymous_9)
FNDA:0,(anonymous_10)
DA:2,1
DA:3,1
DA:4,1
DA:6,1
DA:8,1
DA:9,6
DA:10,6
DA:11,0
DA:13,0
DA:16,1
DA:17,0
DA:18,0
DA:23,0
DA:28,0
DA:31,1
DA:38,1
DA:39,0
DA:41,0
DA:42,0
DA:46,0
DA:48,0
DA:49,0
DA:53,0
DA:55,0
DA:58,1
DA:59,0
DA:60,0
DA:65,0
DA:67,0
LF:29
LH:11
BRDA:48,0,0,0
BRDA:48,0,1,0
BRDA:55,1,0,0
BRDA:55,1,1,0
BRDA:67,2,0,0
BRDA:67,2,1,0
BRF:6
BRH:0
end_of_record
TN:
SF:sqlite/index.js
FN:14,(anonymous_0)
FN:15,(anonymous_1)
FN:18,(anonymous_2)
FN:31,(anonymous_3)
FN:38,rowToTodo
FN:42,(anonymous_5)
FN:43,(anonymous_6)
FN:45,(anonymous_7)
FN:46,(anonymous_8)
FN:48,(anonymous_9)
FN:57,(anonymous_10)
FN:68,(anonymous_11)
FN:74,(anonymous_12)
FN:75,(anonymous_13)
FNF:14
FNH:13
FNDA:33,(anonymous_0)
FNDA:33,(anonymous_1)
FNDA:33,(anonymous_2)
FNDA:0,(anonymous_3)
FNDA:31,rowToTodo
FNDA:11,(anonymous_5)
FNDA:11,(anonymous_6)
FNDA:10,(anonymous_7)
FNDA:10,(anonymous_8)
FNDA:14,(anonymous_9)
FNDA:3,(anonymous_10)
FNDA:3,(anonymous_11)
FNDA:15,(anonymous_12)
FNDA:15,(anonymous_13)
DA:2,1
DA:3,1
DA:4,1
DA:10,1
DA:13,1
DA:14,1
DA:15,33
DA:16,33
DA:19,33
DA:24,1
DA:27,1
DA:33,0
DA:34,0
DA:39,31
DA:42,1
DA:43,11
DA:45,1
DA:46,10
DA:48,1
DA:49,14
DA:57,1
DA:58,3
DA:59,3
DA:60,3
DA:61,6
DA:62,3
DA:63,3
DA:66,3
DA:67,3
DA:68,3
DA:74,15
DA:75,15
LF:32
LH:30
BRDA:4,0,0,0
BRDA:4,0,1,1
BRDA:19,1,0,0
BRDA:19,1,1,33
BRDA:61,2,0,3
BRDA:61,2,1,3
BRDA:68,3,0,2
BRDA:68,3,1,1
BRDA:75,4,0,14
BRDA:75,4,1,1
BRF:10
BRH:8
end_of_record
